<?xml version="1.0" encoding="UTF-8"?>
<testsuite xmlns:xsi="http://www.w3.org/2001/XMLSchema-instance" xsi:noNamespaceSchemaLocation="https://maven.apache.org/surefire/maven-surefire-plugin/xsd/surefire-test-report-3.0.xsd" version="3.0" name="com.tus.accounts.AccountsApplicationTests" time="2.282" tests="1" errors="0" skipped="0" failures="0">
  <properties>
[...]
</properties>
  <testcase name="contextLoads" classname="com.tus.accounts.AccountsApplicationTests" time="0.339">
    <system-out><![CDATA[21:39:46.345 [main] INFO org.springframework.test.context.support.AnnotationConfigContextLoaderUtils -- Could not detect default configuration classes for test class [com.tus.accounts.AccountsApplicationTests]: AccountsApplicationTests does not declare any static, non-private, non-final, nested classes annotated with @Configuration.
21:39:46.383 [main] INFO org.springframework.boot.test.context.SpringBootTestContextBootstrapper -- Found @SpringBootConfiguration com.tus.accounts.AccountsApplication for test class com.tus.accounts.AccountsApplicationTests
21:39:46.440 [main] INFO org.springframework.boot.devtools.restart.RestartApplicationListener -- Restart disabled due to context in which it is running

  .   ____          _            __ _ _
 /\\ / ___'_ __ _ _(_)_ __  __ _ \ \ \ \
( ( )\___ | '_ | '_| | '_ \/ _` | \ \ \ \
 \\/  ___)| |_)| | | | | || (_| |  ) ) ) )
  '  |____| .__|_| |_|_| |_\__, | / / / /
 =========|_|==============|___/=/_/_/_/
 :: Spring Boot ::                (v3.1.8)

2024-02-01T21:39:46.557Z  INFO 7306 --- [           main] c.tus.accounts.AccountsApplicationTests  : Starting AccountsApplicationTests using Java 17.0.8 with PID 7306 (started by mebinmathew in /Users/mebinmathew/Documents/TUS Codebase/accounts)
2024-02-01T21:39:46.557Z  INFO 7306 --- [           main] c.tus.accounts.AccountsApplicationTests  : No active profile set, falling back to 1 default profile: "default"
2024-02-01T21:39:46.909Z  INFO 7306 --- [           main] .s.d.r.c.RepositoryConfigurationDelegate : Bootstrapping Spring Data JPA repositories in DEFAULT mode.
2024-02-01T21:39:46.936Z  INFO 7306 --- [           main] .s.d.r.c.RepositoryConfigurationDelegate : Finished Spring Data repository scanning in 23 ms. Found 2 JPA repository interfaces.
2024-02-01T21:39:47.088Z  INFO 7306 --- [           main] com.zaxxer.hikari.HikariDataSource       : HikariPool-1 - Starting...
2024-02-01T21:39:47.164Z  INFO 7306 --- [           main] com.zaxxer.hikari.pool.HikariPool        : HikariPool-1 - Added connection conn0: url=jdbc:h2:mem:testdb user=SA
2024-02-01T21:39:47.165Z  INFO 7306 --- [           main] com.zaxxer.hikari.HikariDataSource       : HikariPool-1 - Start completed.
2024-02-01T21:39:47.217Z  INFO 7306 --- [           main] o.hibernate.jpa.internal.util.LogHelper  : HHH000204: Processing PersistenceUnitInfo [name: default]
2024-02-01T21:39:47.237Z  INFO 7306 --- [           main] org.hibernate.Version                    : HHH000412: Hibernate ORM core version 6.2.20.Final
2024-02-01T21:39:47.238Z  INFO 7306 --- [           main] org.hibernate.cfg.Environment            : HHH000406: Using bytecode reflection optimizer
2024-02-01T21:39:47.336Z  INFO 7306 --- [           main] o.s.o.j.p.SpringPersistenceUnitInfo      : No LoadTimeWeaver setup: ignoring JPA class transformer
2024-02-01T21:39:47.352Z  WARN 7306 --- [           main] org.hibernate.orm.deprecation            : HHH90000025: H2Dialect does not need to be specified explicitly using 'hibernate.dialect' (remove the property setting and it will be selected by default)
2024-02-01T21:39:47.694Z  INFO 7306 --- [           main] o.h.e.t.j.p.i.JtaPlatformInitiator       : HHH000489: No JTA platform available (set 'hibernate.transaction.jta.platform' to enable JTA platform integration)
Hibernate: alter table if exists accounts alter column account_number set data type bigint
Hibernate: alter table if exists accounts alter column created_at set data type timestamp(6)
Hibernate: alter table if exists accounts alter column updated_at set data type timestamp(6)
Hibernate: alter table if exists accounts alter column customer_id set data type bigint
Hibernate: alter table if exists customer alter column customer_id set data type bigint
Hibernate: alter table if exists customer alter column created_at set data type timestamp(6)
Hibernate: alter table if exists customer alter column updated_at set data type timestamp(6)
2024-02-01T21:39:47.728Z  INFO 7306 --- [           main] j.LocalContainerEntityManagerFactoryBean : Initialized JPA EntityManagerFactory for persistence unit 'default'
2024-02-01T21:39:47.945Z  WARN 7306 --- [           main] JpaBaseConfiguration$JpaWebConfiguration : spring.jpa.open-in-view is enabled by default. Therefore, database queries may be performed during view rendering. Explicitly configure spring.jpa.open-in-view to disable this warning
2024-02-01T21:39:48.145Z  INFO 7306 --- [           main] o.s.b.a.h2.H2ConsoleAutoConfiguration    : H2 console available at '/h2-console'. Database available at 'jdbc:h2:mem:testdb'
2024-02-01T21:39:48.157Z  INFO 7306 --- [           main] o.s.b.a.e.web.EndpointLinksResolver      : Exposing 1 endpoint(s) beneath base path '/actuator'
2024-02-01T21:39:48.192Z  INFO 7306 --- [           main] c.tus.accounts.AccountsApplicationTests  : Started AccountsApplicationTests in 1.756 seconds (process running for 2.124)
]]></system-out>
  </testcase>
</testsuite>